app/build/intermediates/manifest_merge_blame_file/release/processReleaseMainManifest/manifest-merger-blame-release-report.txt
1<?xml version="1.0" encoding="utf-8"?>
2<manifest xmlns:android="http://schemas.android.com/apk/res/android"
3    package="com.ajimsjames.wearpdfreader"
4    android:versionCode="10"
5    android:versionName="2.3.0" >
6
7    <uses-sdk
8        android:minSdkVersion="30"
9        android:targetSdkVersion="33" />
10
11    <uses-feature android:name="android.hardware.type.watch" />
11-->src/main/AndroidManifest.xml:4:5-64
11-->src/main/AndroidManifest.xml:4:19-61
12
13    <uses-permission android:name="android.permission.WAKE_LOCK" />
13-->src/main/AndroidManifest.xml:6:5-68
13-->src/main/AndroidManifest.xml:6:22-65
14    <uses-permission
14-->src/main/AndroidManifest.xml:7:5-107
15        android:name="android.permission.READ_EXTERNAL_STORAGE"
15-->src/main/AndroidManifest.xml:7:22-77
16        android:maxSdkVersion="32" />
16-->src/main/AndroidManifest.xml:7:78-104
17    <uses-permission android:name="android.permission.READ_MEDIA_DOCUMENTS" />
17-->src/main/AndroidManifest.xml:8:5-79
17-->src/main/AndroidManifest.xml:8:22-76
18    <uses-permission android:name="android.permission.MANAGE_EXTERNAL_STORAGE" />
18-->src/main/AndroidManifest.xml:9:5-82
18-->src/main/AndroidManifest.xml:9:22-79
19
20    <permission
20-->[androidx.core:core:1.12.0] AndroidManifest.xml:22:5-24:47
21        android:name="com.ajimsjames.wearpdfreader.DYNAMIC_RECEIVER_NOT_EXPORTED_PERMISSION"
21-->[androidx.core:core:1.12.0] AndroidManifest.xml:23:9-81
22        android:protectionLevel="signature" />
22-->[androidx.core:core:1.12.0] AndroidManifest.xml:24:9-44
23
24    <uses-permission android:name="com.ajimsjames.wearpdfreader.DYNAMIC_RECEIVER_NOT_EXPORTED_PERMISSION" />
24-->[androidx.core:core:1.12.0] AndroidManifest.xml:26:5-97
24-->[androidx.core:core:1.12.0] AndroidManifest.xml:26:22-94
25
26    <application
26-->src/main/AndroidManifest.xml:11:5-47:19
27        android:allowBackup="true"
27-->src/main/AndroidManifest.xml:12:9-35
28        android:appComponentFactory="androidx.core.app.CoreComponentFactory"
28-->[androidx.core:core:1.12.0] AndroidManifest.xml:28:18-86
29        android:extractNativeLibs="false"
30        android:icon="@drawable/ic_launcher"
30-->src/main/AndroidManifest.xml:13:9-45
31        android:label="@string/app_name"
31-->src/main/AndroidManifest.xml:15:9-41
32        android:roundIcon="@drawable/ic_launcher_round"
32-->src/main/AndroidManifest.xml:14:9-56
33        android:supportsRtl="true"
33-->src/main/AndroidManifest.xml:16:9-35
34        android:theme="@style/Theme.WearPDFReader" >
34-->src/main/AndroidManifest.xml:17:9-51
35        <uses-library
35-->src/main/AndroidManifest.xml:19:9-21:40
36            android:name="com.google.android.wearable"
36-->src/main/AndroidManifest.xml:20:13-55
37            android:required="false" />
37-->src/main/AndroidManifest.xml:21:13-37
38
39        <meta-data
39-->src/main/AndroidManifest.xml:23:9-25:36
40            android:name="com.google.android.wearable.standalone"
40-->src/main/AndroidManifest.xml:24:13-66
41            android:value="true" />
41-->src/main/AndroidManifest.xml:25:13-33
42
43        <activity
43-->src/main/AndroidManifest.xml:27:9-46:20
44            android:name="com.ajimsjames.wearpdfreader.MainActivity"
44-->src/main/AndroidManifest.xml:28:13-41
45            android:exported="true"
45-->src/main/AndroidManifest.xml:29:13-36
46            android:launchMode="singleTask"
46-->src/main/AndroidManifest.xml:30:13-44
47            android:taskAffinity=""
47-->src/main/AndroidManifest.xml:31:13-36
48            android:theme="@style/Theme.WearPDFReader" >
48-->src/main/AndroidManifest.xml:32:13-55
49            <intent-filter>
49-->src/main/AndroidManifest.xml:33:13-36:29
50                <action android:name="android.intent.action.MAIN" />
50-->src/main/AndroidManifest.xml:34:17-69
50-->src/main/AndroidManifest.xml:34:25-66
51
52                <category android:name="android.intent.category.LAUNCHER" />
52-->src/main/AndroidManifest.xml:35:17-77
52-->src/main/AndroidManifest.xml:35:27-74
53            </intent-filter>
54            <intent-filter>
54-->src/main/AndroidManifest.xml:38:13-45:29
55                <action android:name="android.intent.action.VIEW" />
55-->src/main/AndroidManifest.xml:39:17-69
55-->src/main/AndroidManifest.xml:39:25-66
56
57                <category android:name="android.intent.category.DEFAULT" />
57-->src/main/AndroidManifest.xml:40:17-76
57-->src/main/AndroidManifest.xml:40:27-73
58                <category android:name="android.intent.category.BROWSABLE" />
58-->src/main/AndroidManifest.xml:41:17-78
58-->src/main/AndroidManifest.xml:41:27-75
59
60                <data android:mimeType="application/pdf" />
60-->src/main/AndroidManifest.xml:42:17-60
60-->src/main/AndroidManifest.xml:42:23-57
61                <data android:scheme="content" />
61-->src/main/AndroidManifest.xml:42:17-60
61-->src/main/AndroidManifest.xml:43:23-47
62                <data android:scheme="file" />
62-->src/main/AndroidManifest.xml:42:17-60
62-->src/main/AndroidManifest.xml:43:23-47
63            </intent-filter>
64        </activity>
65        <activity
65-->[com.google.android.gms:play-services-base:18.0.1] AndroidManifest.xml:20:9-22:45
66            android:name="com.google.android.gms.common.api.GoogleApiActivity"
66-->[com.google.android.gms:play-services-base:18.0.1] AndroidManifest.xml:20:19-85
67            android:exported="false"
67-->[com.google.android.gms:play-services-base:18.0.1] AndroidManifest.xml:22:19-43
68            android:theme="@android:style/Theme.Translucent.NoTitleBar" />
68-->[com.google.android.gms:play-services-base:18.0.1] AndroidManifest.xml:21:19-78
69
70        <meta-data
70-->[com.google.android.gms:play-services-basement:18.0.0] AndroidManifest.xml:21:9-23:69
71            android:name="com.google.android.gms.version"
71-->[com.google.android.gms:play-services-basement:18.0.0] AndroidManifest.xml:22:13-58
72            android:value="@integer/google_play_services_version" />
72-->[com.google.android.gms:play-services-basement:18.0.0] AndroidManifest.xml:23:13-66
73
74        <provider
74-->[androidx.emoji2:emoji2:1.3.0] AndroidManifest.xml:24:9-32:20
75            android:name="androidx.startup.InitializationProvider"
75-->[androidx.emoji2:emoji2:1.3.0] AndroidManifest.xml:25:13-67
76            android:authorities="com.ajimsjames.wearpdfreader.androidx-startup"
76-->[androidx.emoji2:emoji2:1.3.0] AndroidManifest.xml:26:13-68
77            android:exported="false" >
77-->[androidx.emoji2:emoji2:1.3.0] AndroidManifest.xml:27:13-37
78            <meta-data
78-->[androidx.emoji2:emoji2:1.3.0] AndroidManifest.xml:29:13-31:52
79                android:name="androidx.emoji2.text.EmojiCompatInitializer"
79-->[androidx.emoji2:emoji2:1.3.0] AndroidManifest.xml:30:17-75
80                android:value="androidx.startup" />
80-->[androidx.emoji2:emoji2:1.3.0] AndroidManifest.xml:31:17-49
81            <meta-data
81-->[androidx.lifecycle:lifecycle-process:2.7.0] AndroidManifest.xml:29:13-31:52
82                android:name="androidx.lifecycle.ProcessLifecycleInitializer"
82-->[androidx.lifecycle:lifecycle-process:2.7.0] AndroidManifest.xml:30:17-78
83                android:value="androidx.startup" />
83-->[androidx.lifecycle:lifecycle-process:2.7.0] AndroidManifest.xml:31:17-49
84            <meta-data
84-->[androidx.profileinstaller:profileinstaller:1.3.0] AndroidManifest.xml:29:13-31:52
85                android:name="androidx.profileinstaller.ProfileInstallerInitializer"
85-->[androidx.profileinstaller:profileinstaller:1.3.0] AndroidManifest.xml:30:17-85
86                android:value="androidx.startup" />
86-->[androidx.profileinstaller:profileinstaller:1.3.0] AndroidManifest.xml:31:17-49
87        </provider>
88
89        <receiver
89-->[androidx.profileinstaller:profileinstaller:1.3.0] AndroidManifest.xml:34:9-52:20
90            android:name="androidx.profileinstaller.ProfileInstallReceiver"
90-->[androidx.profileinstaller:profileinstaller:1.3.0] AndroidManifest.xml:35:13-76
91            android:directBootAware="false"
91-->[androidx.profileinstaller:profileinstaller:1.3.0] AndroidManifest.xml:36:13-44
92            android:enabled="true"
92-->[androidx.profileinstaller:profileinstaller:1.3.0] AndroidManifest.xml:37:13-35
93            android:exported="true"
93-->[androidx.profileinstaller:profileinstaller:1.3.0] AndroidManifest.xml:38:13-36
94            android:permission="android.permission.DUMP" >
94-->[androidx.profileinstaller:profileinstaller:1.3.0] AndroidManifest.xml:39:13-57
95            <intent-filter>
95-->[androidx.profileinstaller:profileinstaller:1.3.0] AndroidManifest.xml:40:13-42:29
96                <action android:name="androidx.profileinstaller.action.INSTALL_PROFILE" />
96-->[androidx.profileinstaller:profileinstaller:1.3.0] AndroidManifest.xml:41:17-91
96-->[androidx.profileinstaller:profileinstaller:1.3.0] AndroidManifest.xml:41:25-88
97            </intent-filter>
98            <intent-filter>
98-->[androidx.profileinstaller:profileinstaller:1.3.0] AndroidManifest.xml:43:13-45:29
99                <action android:name="androidx.profileinstaller.action.SKIP_FILE" />
99-->[androidx.profileinstaller:profileinstaller:1.3.0] AndroidManifest.xml:44:17-85
99-->[androidx.profileinstaller:profileinstaller:1.3.0] AndroidManifest.xml:44:25-82
100            </intent-filter>
101            <intent-filter>
101-->[androidx.profileinstaller:profileinstaller:1.3.0] AndroidManifest.xml:46:13-48:29
102                <action android:name="androidx.profileinstaller.action.SAVE_PROFILE" />
102-->[androidx.profileinstaller:profileinstaller:1.3.0] AndroidManifest.xml:47:17-88
102-->[androidx.profileinstaller:profileinstaller:1.3.0] AndroidManifest.xml:47:25-85
103            </intent-filter>
104            <intent-filter>
104-->[androidx.profileinstaller:profileinstaller:1.3.0] AndroidManifest.xml:49:13-51:29
105                <action android:name="androidx.profileinstaller.action.BENCHMARK_OPERATION" />
105-->[androidx.profileinstaller:profileinstaller:1.3.0] AndroidManifest.xml:50:17-95
105-->[androidx.profileinstaller:profileinstaller:1.3.0] AndroidManifest.xml:50:25-92
106            </intent-filter>
107        </receiver>
108    </application>
109
110</manifest>